<?xml version="1.0" encoding="UTF-8"?>
<!-- Generated by org.testng.reporters.JUnitReportReporter -->
<testsuite hostname="apples-iMac.local" failures="0" tests="2" name="com.nopcommerce.user.Level_22_Data_Driven_Testing_II" time="4.378" errors="0" timestamp="24 Jun 2023 04:50:05 GMT" skipped="0">
  <testcase classname="com.nopcommerce.user.Level_22_Data_Driven_Testing_II" name="User_01_Register" time="3.054"/>
  <testcase classname="com.nopcommerce.user.Level_22_Data_Driven_Testing_II" name="User_02_Login" time="1.324"/>
</testsuite> <!-- com.nopcommerce.user.Level_22_Data_Driven_Testing_II -->
