<?xml version="1.0" encoding="UTF-8"?>
<!-- Generated by org.testng.reporters.JUnitReportReporter -->
<testsuite hostname="apples-iMac.local" failures="0" tests="2" name="com.nopcommerce.user.Level_22_Data_Driven_Testing_I" time="4.149" errors="0" timestamp="22 Jun 2023 10:10:34 GMT" skipped="0">
  <testcase classname="com.nopcommerce.user.Level_22_Data_Driven_Testing_I" name="User_02_Login" time="1.266"/>
  <testcase classname="com.nopcommerce.user.Level_22_Data_Driven_Testing_I" name="User_01_Register" time="2.883"/>
</testsuite> <!-- com.nopcommerce.user.Level_22_Data_Driven_Testing_I -->
